info: Microsoft.Hosting.Lifetime[0]
      Application started. Press Ctrl+C to shut down.
info: Microsoft.Hosting.Lifetime[0]
      Hosting environment: Development
info: Microsoft.Hosting.Lifetime[0]
      Content root path: C:\Phils\C# files\ASP.NET CORE\BibleQuiz\BibleQuiz
fail: Microsoft.EntityFrameworkCore.Database.Command[20102]
      Failed executing DbCommand (81ms) [Parameters=[@__userId_0='?' (Size = 767)], CommandType='Text', CommandTimeout='30']
      SELECT `a0`.`Name`
      FROM `AspNetUserRoles` AS `a`
      INNER JOIN `AspNetRoles` AS `a0` ON `a`.`RoleId` = `a0`.`Id`
      WHERE `a`.`UserId` = @__userId_0
fail: Microsoft.EntityFrameworkCore.Query[10100]
      An exception occurred while iterating over the results of a query for context type 'BibleQuiz.Data.ApplicationDbContext'.
      MySql.Data.MySqlClient.MySqlException (0x80004005): Table 'philskay.aspnetuserroles' doesn't exist
         at MySql.Data.MySqlClient.MySqlStream.ReadPacket()
         at MySql.Data.MySqlClient.NativeDriver.GetResult(Int32& affectedRow, Int64& insertedId)
         at MySql.Data.MySqlClient.Driver.GetResult(Int32 statementId, Int32& affectedRows, Int64& insertedId)
         at MySql.Data.MySqlClient.Driver.NextResult(Int32 statementId, Boolean force)
         at MySql.Data.MySqlClient.MySqlDataReader.NextResult()
         at MySql.Data.MySqlClient.MySqlCommand.ExecuteReader(CommandBehavior behavior)
         at MySql.Data.MySqlClient.MySqlCommand.ExecuteDbDataReader(CommandBehavior behavior)
         at System.Data.Common.DbCommand.ExecuteDbDataReaderAsync(CommandBehavior behavior, CancellationToken cancellationToken)
      --- End of stack trace from previous location ---
         at Microsoft.EntityFrameworkCore.Storage.RelationalCommand.ExecuteReaderAsync(RelationalCommandParameterObject parameterObject, CancellationToken cancellationToken)
         at Microsoft.EntityFrameworkCore.Storage.RelationalCommand.ExecuteReaderAsync(RelationalCommandParameterObject parameterObject, CancellationToken cancellationToken)
         at Microsoft.EntityFrameworkCore.Query.Internal.SingleQueryingEnumerable`1.AsyncEnumerator.InitializeReaderAsync(DbContext _, Boolean result, CancellationToken cancellationToken)
         at MySql.EntityFrameworkCore.Storage.Internal.MySQLExecutionStrategy.ExecuteAsync[TState,TResult](TState state, Func`4 operation, Func`4 verifySucceeded, CancellationToken cancellationToken)
         at Microsoft.EntityFrameworkCore.Query.Internal.SingleQueryingEnumerable`1.AsyncEnumerator.MoveNextAsync()
      MySql.Data.MySqlClient.MySqlException (0x80004005): Table 'philskay.aspnetuserroles' doesn't exist
         at MySql.Data.MySqlClient.MySqlStream.ReadPacket()
         at MySql.Data.MySqlClient.NativeDriver.GetResult(Int32& affectedRow, Int64& insertedId)
         at MySql.Data.MySqlClient.Driver.GetResult(Int32 statementId, Int32& affectedRows, Int64& insertedId)
         at MySql.Data.MySqlClient.Driver.NextResult(Int32 statementId, Boolean force)
         at MySql.Data.MySqlClient.MySqlDataReader.NextResult()
         at MySql.Data.MySqlClient.MySqlCommand.ExecuteReader(CommandBehavior behavior)
         at MySql.Data.MySqlClient.MySqlCommand.ExecuteDbDataReader(CommandBehavior behavior)
         at System.Data.Common.DbCommand.ExecuteDbDataReaderAsync(CommandBehavior behavior, CancellationToken cancellationToken)
      --- End of stack trace from previous location ---
         at Microsoft.EntityFrameworkCore.Storage.RelationalCommand.ExecuteReaderAsync(RelationalCommandParameterObject parameterObject, CancellationToken cancellationToken)
         at Microsoft.EntityFrameworkCore.Storage.RelationalCommand.ExecuteReaderAsync(RelationalCommandParameterObject parameterObject, CancellationToken cancellationToken)
         at Microsoft.EntityFrameworkCore.Query.Internal.SingleQueryingEnumerable`1.AsyncEnumerator.InitializeReaderAsync(DbContext _, Boolean result, CancellationToken cancellationToken)
         at MySql.EntityFrameworkCore.Storage.Internal.MySQLExecutionStrategy.ExecuteAsync[TState,TResult](TState state, Func`4 operation, Func`4 verifySucceeded, CancellationToken cancellationToken)
         at Microsoft.EntityFrameworkCore.Query.Internal.SingleQueryingEnumerable`1.AsyncEnumerator.MoveNextAsync()
fail: Microsoft.AspNetCore.Diagnostics.DeveloperExceptionPageMiddleware[1]
      An unhandled exception has occurred while executing the request.
      MySql.Data.MySqlClient.MySqlException (0x80004005): Table 'philskay.aspnetuserroles' doesn't exist
         at MySql.Data.MySqlClient.MySqlStream.ReadPacket()
         at MySql.Data.MySqlClient.NativeDriver.GetResult(Int32& affectedRow, Int64& insertedId)
         at MySql.Data.MySqlClient.Driver.GetResult(Int32 statementId, Int32& affectedRows, Int64& insertedId)
         at MySql.Data.MySqlClient.Driver.NextResult(Int32 statementId, Boolean force)
         at MySql.Data.MySqlClient.MySqlDataReader.NextResult()
         at MySql.Data.MySqlClient.MySqlCommand.ExecuteReader(CommandBehavior behavior)
         at MySql.Data.MySqlClient.MySqlCommand.ExecuteDbDataReader(CommandBehavior behavior)
         at System.Data.Common.DbCommand.ExecuteDbDataReaderAsync(CommandBehavior behavior, CancellationToken cancellationToken)
      --- End of stack trace from previous location ---
         at Microsoft.EntityFrameworkCore.Storage.RelationalCommand.ExecuteReaderAsync(RelationalCommandParameterObject parameterObject, CancellationToken cancellationToken)
         at Microsoft.EntityFrameworkCore.Storage.RelationalCommand.ExecuteReaderAsync(RelationalCommandParameterObject parameterObject, CancellationToken cancellationToken)
         at Microsoft.EntityFrameworkCore.Query.Internal.SingleQueryingEnumerable`1.AsyncEnumerator.InitializeReaderAsync(DbContext _, Boolean result, CancellationToken cancellationToken)
         at MySql.EntityFrameworkCore.Storage.Internal.MySQLExecutionStrategy.ExecuteAsync[TState,TResult](TState state, Func`4 operation, Func`4 verifySucceeded, CancellationToken cancellationToken)
         at Microsoft.EntityFrameworkCore.Query.Internal.SingleQueryingEnumerable`1.AsyncEnumerator.MoveNextAsync()
         at Microsoft.EntityFrameworkCore.EntityFrameworkQueryableExtensions.ToListAsync[TSource](IQueryable`1 source, CancellationToken cancellationToken)
         at Microsoft.EntityFrameworkCore.EntityFrameworkQueryableExtensions.ToListAsync[TSource](IQueryable`1 source, CancellationToken cancellationToken)
         at Microsoft.AspNetCore.Identity.EntityFrameworkCore.UserStore`9.GetRolesAsync(TUser user, CancellationToken cancellationToken)
         at Microsoft.AspNetCore.Identity.UserManager`1.GetRolesAsync(TUser user)
         at Microsoft.AspNetCore.Identity.UserClaimsPrincipalFactory`2.GenerateClaimsAsync(TUser user)
         at Microsoft.AspNetCore.Identity.UserClaimsPrincipalFactory`1.CreateAsync(TUser user)
         at Microsoft.AspNetCore.Identity.SignInManager`1.CreateUserPrincipalAsync(TUser user)
         at Microsoft.AspNetCore.Identity.SignInManager`1.SignInWithClaimsAsync(TUser user, AuthenticationProperties authenticationProperties, IEnumerable`1 additionalClaims)
         at Microsoft.AspNetCore.Identity.SignInManager`1.SignInOrTwoFactorAsync(TUser user, Boolean isPersistent, String loginProvider, Boolean bypassTwoFactor)
         at Microsoft.AspNetCore.Identity.SignInManager`1.PasswordSignInAsync(TUser user, String password, Boolean isPersistent, Boolean lockoutOnFailure)
         at Microsoft.AspNetCore.Identity.SignInManager`1.PasswordSignInAsync(String userName, String password, Boolean isPersistent, Boolean lockoutOnFailure)
         at BibleQuiz.Areas.Identity.Pages.Account.LoginModel.OnPostAsync(String returnUrl) in C:\Phils\C# files\ASP.NET CORE\BibleQuiz\BibleQuiz\Areas\Identity\Pages\Account\Login.cshtml.cs:line 84
         at Microsoft.AspNetCore.Mvc.RazorPages.Infrastructure.ExecutorFactory.GenericTaskHandlerMethod.Convert[T](Object taskAsObject)
         at Microsoft.AspNetCore.Mvc.RazorPages.Infrastructure.ExecutorFactory.GenericTaskHandlerMethod.Execute(Object receiver, Object[] arguments)
         at Microsoft.AspNetCore.Mvc.RazorPages.Inf